\BOOKMARK [1][]{section.3}{1 Einf\374hrung}{}% 1
\BOOKMARK [1][]{section.4}{2 Vorstellung des Spiels}{}% 2
\BOOKMARK [1][]{section.5}{3 Technische Umsetzung}{}% 3
\BOOKMARK [2][]{subsection.6}{3.1 Layout}{section.5}% 4
\BOOKMARK [2][]{subsection.7}{3.2 Allgemeines}{section.5}% 5
\BOOKMARK [2][]{subsection.8}{3.3 Hauptmen\374}{section.5}% 6
\BOOKMARK [2][]{subsection.9}{3.4 Einleitung}{section.5}% 7
\BOOKMARK [2][]{subsection.10}{3.5 Spielablauf}{section.5}% 8
\BOOKMARK [2][]{subsection.11}{3.6 Minispiele}{section.5}% 9
\BOOKMARK [2][]{subsection.12}{3.7 Smartphone}{section.5}% 10
\BOOKMARK [2][]{subsection.13}{3.8 Abschluss}{section.5}% 11
\BOOKMARK [2][]{subsection.14}{3.9 Hilfsmittel f\374r die Entwicklung}{section.5}% 12
\BOOKMARK [2][]{subsection.15}{3.10 Hilfsmittel f\374r die Kommunikation}{section.5}% 13
\BOOKMARK [1][]{section.16}{4 Evaluation mit der Zielgruppe}{}% 14
\BOOKMARK [1][]{section.17}{5 Projektverlauf}{}% 15
\BOOKMARK [1][]{section.18}{6 Fazit}{}% 16
\BOOKMARK [1][]{section.19}{7 Statement von jedem Gruppenmitglied}{}% 17
\BOOKMARK [2][]{subsection.20}{7.1 Hung Tran Duc}{section.19}% 18
\BOOKMARK [2][]{subsection.21}{7.2 Elizaveta Ragosina}{section.19}% 19
\BOOKMARK [2][]{subsection.22}{7.3 Philipp Plotz}{section.19}% 20
\BOOKMARK [2][]{subsection.23}{7.4 Christoph Jurkowski}{section.19}% 21
\BOOKMARK [2][]{subsection.24}{7.5 Niklas Fallik}{section.19}% 22
\BOOKMARK [2][]{subsection.25}{7.6 Sheyda Hayatgheybi}{section.19}% 23
